{"level":"error","message":"Error: ITEM_NAME is not defined","timestamp":"2024-11-26 16:54:11"}
{"level":"error","message":"Request: DELETE /continents/1011","timestamp":"2024-11-26 16:54:11"}
{"level":"error","message":"IP Address: ::1","timestamp":"2024-11-26 16:54:11"}
{"level":"error","message":"Error: Test Error","timestamp":"2024-11-26 16:57:15"}
{"level":"error","message":"Request: undefined undefined","timestamp":"2024-11-26 16:57:15"}
{"level":"error","message":"IP Address: undefined","timestamp":"2024-11-26 16:57:15"}
{"level":"error","message":"Error: Test Error","timestamp":"2024-11-26 16:57:16"}
{"level":"error","message":"Request: undefined undefined","timestamp":"2024-11-26 16:57:16"}
{"level":"error","message":"IP Address: undefined","timestamp":"2024-11-26 16:57:16"}
{"level":"error","message":"Error: Unknown error","timestamp":"2024-11-26 16:57:16"}
{"level":"error","message":"Request: undefined undefined","timestamp":"2024-11-26 16:57:16"}
{"level":"error","message":"IP Address: undefined","timestamp":"2024-11-26 16:57:16"}
{"level":"error","message":"Error: Test Error","timestamp":"2024-11-26 16:58:34"}
{"level":"error","message":"Request: undefined undefined","timestamp":"2024-11-26 16:58:34"}
{"level":"error","message":"IP Address: undefined","timestamp":"2024-11-26 16:58:34"}
{"level":"error","message":"Error: Test Error","timestamp":"2024-11-26 16:58:34"}
{"level":"error","message":"Request: undefined undefined","timestamp":"2024-11-26 16:58:34"}
{"level":"error","message":"IP Address: undefined","timestamp":"2024-11-26 16:58:34"}
{"level":"error","message":"Error: Unknown error","timestamp":"2024-11-26 16:58:34"}
{"level":"error","message":"Request: undefined undefined","timestamp":"2024-11-26 16:58:34"}
{"level":"error","message":"IP Address: undefined","timestamp":"2024-11-26 16:58:34"}
{"level":"error","message":"Error: Test Error","timestamp":"2024-11-26 16:59:38"}
{"level":"error","message":"Request: undefined undefined","timestamp":"2024-11-26 16:59:38"}
{"level":"error","message":"IP Address: undefined","timestamp":"2024-11-26 16:59:38"}
{"level":"error","message":"Error: Test Error","timestamp":"2024-11-26 16:59:38"}
{"level":"error","message":"Request: undefined undefined","timestamp":"2024-11-26 16:59:38"}
{"level":"error","message":"IP Address: undefined","timestamp":"2024-11-26 16:59:38"}
{"level":"error","message":"Error: Unknown error","timestamp":"2024-11-26 16:59:38"}
{"level":"error","message":"Request: undefined undefined","timestamp":"2024-11-26 16:59:38"}
{"level":"error","message":"IP Address: undefined","timestamp":"2024-11-26 16:59:38"}
{"level":"error","message":"Error: Test Error","timestamp":"2024-11-26 17:01:32"}
{"level":"error","message":"Request: undefined undefined","timestamp":"2024-11-26 17:01:32"}
{"level":"error","message":"IP Address: undefined","timestamp":"2024-11-26 17:01:32"}
{"level":"error","message":"Error: Test Error","timestamp":"2024-11-26 17:01:32"}
{"level":"error","message":"Request: undefined undefined","timestamp":"2024-11-26 17:01:32"}
{"level":"error","message":"IP Address: undefined","timestamp":"2024-11-26 17:01:32"}
{"level":"error","message":"Error: Unknown error","timestamp":"2024-11-26 17:01:32"}
{"level":"error","message":"Request: undefined undefined","timestamp":"2024-11-26 17:01:32"}
{"level":"error","message":"IP Address: undefined","timestamp":"2024-11-26 17:01:32"}
