{"level":"info","message":"GET / - ::1","timestamp":"2024-11-26 16:47:21"}
{"level":"info","message":"GET /continents - ::1","timestamp":"2024-11-26 16:47:23"}
{"level":"info","message":"GET /continents - ::1","timestamp":"2024-11-26 16:49:12"}
{"level":"info","message":"GET /continents - ::1","timestamp":"2024-11-26 16:51:52"}
{"level":"info","message":"GET /continents/1001 - ::1","timestamp":"2024-11-26 16:51:56"}
{"level":"info","message":"GET /continents - ::1","timestamp":"2024-11-26 16:52:19"}
{"level":"info","message":"GET /continents/1001 - ::1","timestamp":"2024-11-26 16:52:20"}
{"level":"info","message":"POST /continents - ::1","timestamp":"2024-11-26 16:52:25"}
{"level":"info","message":"GET /continents - ::1","timestamp":"2024-11-26 16:52:27"}
{"level":"info","message":"GET /continents - ::1","timestamp":"2024-11-26 16:53:57"}
{"level":"info","message":"GET /continents/1002 - ::1","timestamp":"2024-11-26 16:53:58"}
{"level":"info","message":"POST /continents - ::1","timestamp":"2024-11-26 16:54:03"}
{"level":"info","message":"GET /continents - ::1","timestamp":"2024-11-26 16:54:05"}
{"level":"info","message":"GET /continents/1011 - ::1","timestamp":"2024-11-26 16:54:06"}
{"level":"info","message":"PUT /continents/1011 - ::1","timestamp":"2024-11-26 16:54:08"}
{"level":"info","message":"GET /continents - ::1","timestamp":"2024-11-26 16:54:09"}
{"level":"info","message":"GET /continents/1011 - ::1","timestamp":"2024-11-26 16:54:10"}
{"level":"info","message":"DELETE /continents/1011 - ::1","timestamp":"2024-11-26 16:54:11"}
{"level":"error","message":"Error: ITEM_NAME is not defined","timestamp":"2024-11-26 16:54:11"}
{"level":"error","message":"Request: DELETE /continents/1011","timestamp":"2024-11-26 16:54:11"}
{"level":"error","message":"IP Address: ::1","timestamp":"2024-11-26 16:54:11"}
{"level":"info","message":"GET /continents - ::1","timestamp":"2024-11-26 16:54:13"}
{"level":"info","message":"GET /continents - ::1","timestamp":"2024-11-26 16:56:01"}
{"level":"info","message":"GET /continents/1001 - ::1","timestamp":"2024-11-26 16:56:02"}
{"level":"info","message":"POST /continents - ::1","timestamp":"2024-11-26 16:56:06"}
{"level":"info","message":"GET /continents - ::1","timestamp":"2024-11-26 16:56:07"}
{"level":"info","message":"GET /continents/1012 - ::1","timestamp":"2024-11-26 16:56:09"}
{"level":"info","message":"PUT /continents/1012 - ::1","timestamp":"2024-11-26 16:56:10"}
{"level":"info","message":"GET /continents - ::1","timestamp":"2024-11-26 16:56:14"}
{"level":"info","message":"GET /continents/1012 - ::1","timestamp":"2024-11-26 16:56:15"}
{"level":"info","message":"DELETE /continents/1012 - ::1","timestamp":"2024-11-26 16:56:15"}
{"level":"info","message":"GET /continents - ::1","timestamp":"2024-11-26 16:56:41"}
{"level":"info","message":"GET /continents/1002 - ::1","timestamp":"2024-11-26 16:56:42"}
{"level":"info","message":"POST /continents - ::1","timestamp":"2024-11-26 16:56:46"}
{"level":"info","message":"GET /continents - ::1","timestamp":"2024-11-26 16:56:47"}
{"level":"info","message":"GET /continents/1010 - ::1","timestamp":"2024-11-26 16:56:48"}
{"level":"info","message":"PUT /continents/1010 - ::1","timestamp":"2024-11-26 16:56:50"}
{"level":"info","message":"GET /continents - ::1","timestamp":"2024-11-26 16:56:52"}
{"level":"info","message":"GET /continents/1010 - ::1","timestamp":"2024-11-26 16:56:52"}
{"level":"info","message":"DELETE /continents/1010 - ::1","timestamp":"2024-11-26 16:56:53"}
{"level":"error","message":"Error: Test Error","timestamp":"2024-11-26 16:57:15"}
{"level":"error","message":"Request: undefined undefined","timestamp":"2024-11-26 16:57:15"}
{"level":"error","message":"IP Address: undefined","timestamp":"2024-11-26 16:57:15"}
{"level":"error","message":"Error: Test Error","timestamp":"2024-11-26 16:57:16"}
{"level":"error","message":"Request: undefined undefined","timestamp":"2024-11-26 16:57:16"}
{"level":"error","message":"IP Address: undefined","timestamp":"2024-11-26 16:57:16"}
{"level":"error","message":"Error: Unknown error","timestamp":"2024-11-26 16:57:16"}
{"level":"error","message":"Request: undefined undefined","timestamp":"2024-11-26 16:57:16"}
{"level":"error","message":"IP Address: undefined","timestamp":"2024-11-26 16:57:16"}
{"level":"info","message":"GET /random-url - ::ffff:127.0.0.1","timestamp":"2024-11-26 16:57:17"}
{"level":"info","message":"GET /random-url - ::ffff:127.0.0.1","timestamp":"2024-11-26 16:58:01"}
{"level":"info","message":"GET /random-url - ::ffff:127.0.0.1","timestamp":"2024-11-26 16:58:28"}
{"level":"error","message":"Error: Test Error","timestamp":"2024-11-26 16:58:34"}
{"level":"error","message":"Request: undefined undefined","timestamp":"2024-11-26 16:58:34"}
{"level":"error","message":"IP Address: undefined","timestamp":"2024-11-26 16:58:34"}
{"level":"error","message":"Error: Test Error","timestamp":"2024-11-26 16:58:34"}
{"level":"error","message":"Request: undefined undefined","timestamp":"2024-11-26 16:58:34"}
{"level":"error","message":"IP Address: undefined","timestamp":"2024-11-26 16:58:34"}
{"level":"error","message":"Error: Unknown error","timestamp":"2024-11-26 16:58:34"}
{"level":"error","message":"Request: undefined undefined","timestamp":"2024-11-26 16:58:34"}
{"level":"error","message":"IP Address: undefined","timestamp":"2024-11-26 16:58:34"}
{"level":"info","message":"GET /random-url - ::ffff:127.0.0.1","timestamp":"2024-11-26 16:58:35"}
{"level":"error","message":"Error: Test Error","timestamp":"2024-11-26 16:59:38"}
{"level":"error","message":"Request: undefined undefined","timestamp":"2024-11-26 16:59:38"}
{"level":"error","message":"IP Address: undefined","timestamp":"2024-11-26 16:59:38"}
{"level":"error","message":"Error: Test Error","timestamp":"2024-11-26 16:59:38"}
{"level":"error","message":"Request: undefined undefined","timestamp":"2024-11-26 16:59:38"}
{"level":"error","message":"IP Address: undefined","timestamp":"2024-11-26 16:59:38"}
{"level":"error","message":"Error: Unknown error","timestamp":"2024-11-26 16:59:38"}
{"level":"error","message":"Request: undefined undefined","timestamp":"2024-11-26 16:59:38"}
{"level":"error","message":"IP Address: undefined","timestamp":"2024-11-26 16:59:38"}
{"level":"info","message":"GET /random-url - ::ffff:127.0.0.1","timestamp":"2024-11-26 16:59:38"}
{"level":"error","message":"Error: Test Error","timestamp":"2024-11-26 17:01:32"}
{"level":"error","message":"Request: undefined undefined","timestamp":"2024-11-26 17:01:32"}
{"level":"error","message":"IP Address: undefined","timestamp":"2024-11-26 17:01:32"}
{"level":"error","message":"Error: Test Error","timestamp":"2024-11-26 17:01:32"}
{"level":"error","message":"Request: undefined undefined","timestamp":"2024-11-26 17:01:32"}
{"level":"error","message":"IP Address: undefined","timestamp":"2024-11-26 17:01:32"}
{"level":"error","message":"Error: Unknown error","timestamp":"2024-11-26 17:01:32"}
{"level":"error","message":"Request: undefined undefined","timestamp":"2024-11-26 17:01:32"}
{"level":"error","message":"IP Address: undefined","timestamp":"2024-11-26 17:01:32"}
{"level":"info","message":"GET /random-url - ::ffff:127.0.0.1","timestamp":"2024-11-26 17:01:33"}
