{"level":"error","message":"Error: Test Error","timestamp":"2024-11-28 08:41:18"}
{"level":"error","message":"Request: undefined undefined","timestamp":"2024-11-28 08:41:18"}
{"level":"error","message":"IP Address: undefined","timestamp":"2024-11-28 08:41:18"}
{"level":"error","message":"Error: Test Error","timestamp":"2024-11-28 08:41:18"}
{"level":"error","message":"Request: undefined undefined","timestamp":"2024-11-28 08:41:18"}
{"level":"error","message":"IP Address: undefined","timestamp":"2024-11-28 08:41:18"}
{"level":"error","message":"Error: Unknown error","timestamp":"2024-11-28 08:41:18"}
{"level":"error","message":"Request: undefined undefined","timestamp":"2024-11-28 08:41:18"}
{"level":"error","message":"IP Address: undefined","timestamp":"2024-11-28 08:41:18"}
{"level":"info","message":"GET /random-url - ::ffff:127.0.0.1","timestamp":"2024-11-28 08:41:19"}
{"level":"info","message":"GET / - ::1","timestamp":"2024-11-28 08:42:00"}
{"level":"info","message":"GET /favicon.ico - ::1","timestamp":"2024-11-28 08:42:00"}
{"level":"info","message":"GET /continents - ::1","timestamp":"2024-11-28 08:42:02"}
{"level":"info","message":"GET /continents - ::1","timestamp":"2024-11-28 08:42:14"}
{"level":"info","message":"GET / - ::1","timestamp":"2024-11-28 08:42:16"}
{"level":"info","message":"GET /continents - ::1","timestamp":"2024-11-28 08:42:19"}
{"level":"error","message":"Error: Test Error","timestamp":"2024-11-28 08:43:07"}
{"level":"error","message":"Request: undefined undefined","timestamp":"2024-11-28 08:43:07"}
{"level":"error","message":"IP Address: undefined","timestamp":"2024-11-28 08:43:07"}
{"level":"error","message":"Error: Test Error","timestamp":"2024-11-28 08:43:07"}
{"level":"error","message":"Request: undefined undefined","timestamp":"2024-11-28 08:43:07"}
{"level":"error","message":"IP Address: undefined","timestamp":"2024-11-28 08:43:07"}
{"level":"error","message":"Error: Unknown error","timestamp":"2024-11-28 08:43:07"}
{"level":"error","message":"Request: undefined undefined","timestamp":"2024-11-28 08:43:07"}
{"level":"error","message":"IP Address: undefined","timestamp":"2024-11-28 08:43:07"}
{"level":"info","message":"GET /random-url - ::ffff:127.0.0.1","timestamp":"2024-11-28 08:43:08"}
{"level":"info","message":"GET / - ::1","timestamp":"2024-11-28 08:43:32"}
{"level":"info","message":"GET /continents - ::1","timestamp":"2024-11-28 08:43:35"}
{"level":"info","message":"GET /continents/1014 - ::1","timestamp":"2024-11-28 08:43:41"}
{"level":"info","message":"GET / - ::1","timestamp":"2024-11-28 08:43:59"}
{"level":"info","message":"GET /continents - ::1","timestamp":"2024-11-28 08:44:03"}
{"level":"info","message":"GET /continents - ::1","timestamp":"2024-11-28 08:46:24"}
{"level":"info","message":"GET /continents/1000 - ::1","timestamp":"2024-11-28 08:46:30"}
{"level":"error","message":"Error: Test Error","timestamp":"2024-11-28 08:46:53"}
{"level":"error","message":"Request: undefined undefined","timestamp":"2024-11-28 08:46:53"}
{"level":"error","message":"IP Address: undefined","timestamp":"2024-11-28 08:46:53"}
{"level":"error","message":"Error: Test Error","timestamp":"2024-11-28 08:46:53"}
{"level":"error","message":"Request: undefined undefined","timestamp":"2024-11-28 08:46:53"}
{"level":"error","message":"IP Address: undefined","timestamp":"2024-11-28 08:46:53"}
{"level":"error","message":"Error: Unknown error","timestamp":"2024-11-28 08:46:53"}
{"level":"error","message":"Request: undefined undefined","timestamp":"2024-11-28 08:46:53"}
{"level":"error","message":"IP Address: undefined","timestamp":"2024-11-28 08:46:53"}
{"level":"info","message":"GET /random-url - ::ffff:127.0.0.1","timestamp":"2024-11-28 08:46:54"}
{"level":"error","message":"Error: Test Error","timestamp":"2024-11-28 08:50:31"}
{"level":"error","message":"Request: undefined undefined","timestamp":"2024-11-28 08:50:31"}
{"level":"error","message":"IP Address: undefined","timestamp":"2024-11-28 08:50:31"}
{"level":"error","message":"Error: Test Error","timestamp":"2024-11-28 08:50:31"}
{"level":"error","message":"Request: undefined undefined","timestamp":"2024-11-28 08:50:31"}
{"level":"error","message":"IP Address: undefined","timestamp":"2024-11-28 08:50:31"}
{"level":"error","message":"Error: Unknown error","timestamp":"2024-11-28 08:50:31"}
{"level":"error","message":"Request: undefined undefined","timestamp":"2024-11-28 08:50:31"}
{"level":"error","message":"IP Address: undefined","timestamp":"2024-11-28 08:50:31"}
{"level":"info","message":"GET /random-url - ::ffff:127.0.0.1","timestamp":"2024-11-28 08:50:32"}
{"level":"info","message":"GET /continents - ::1","timestamp":"2024-11-28 09:05:52"}
{"level":"info","message":"GET /continents/1002 - ::1","timestamp":"2024-11-28 09:05:55"}
{"level":"info","message":"GET /continents - ::1","timestamp":"2024-11-28 09:05:56"}
{"level":"info","message":"POST /continents - ::1","timestamp":"2024-11-28 09:06:06"}
{"level":"info","message":"GET /continents - ::1","timestamp":"2024-11-28 09:07:24"}
{"level":"info","message":"GET /continents/1039 - ::1","timestamp":"2024-11-28 09:07:25"}
{"level":"info","message":"DELETE /continents/1039 - ::1","timestamp":"2024-11-28 09:07:26"}
{"level":"info","message":"GET /continents - ::1","timestamp":"2024-11-28 09:07:27"}
{"level":"info","message":"POST /continents - ::1","timestamp":"2024-11-28 09:07:35"}
{"level":"info","message":"GET / - ::1","timestamp":"2024-11-28 10:21:17"}
{"level":"info","message":"GET /continents - ::1","timestamp":"2024-11-28 10:21:27"}
{"level":"info","message":"GET /examples - ::1","timestamp":"2024-11-28 10:21:28"}
{"level":"error","message":"Error: Cannot read properties of undefined (reading 'getItems')","timestamp":"2024-11-28 10:21:28"}
{"level":"error","message":"Request: GET /examples","timestamp":"2024-11-28 10:21:28"}
{"level":"error","message":"IP Address: ::1","timestamp":"2024-11-28 10:21:28"}
{"level":"info","message":"GET /examples - ::1","timestamp":"2024-11-28 10:23:21"}
{"level":"error","message":"Error: Cannot read properties of undefined (reading 'service')","timestamp":"2024-11-28 10:23:21"}
{"level":"error","message":"Request: GET /examples","timestamp":"2024-11-28 10:23:21"}
{"level":"error","message":"IP Address: ::1","timestamp":"2024-11-28 10:23:21"}
{"level":"info","message":"GET / - ::1","timestamp":"2024-11-28 12:40:05"}
{"level":"info","message":"GET /favicon.ico - ::1","timestamp":"2024-11-28 12:40:05"}
{"level":"info","message":"GET /continents - ::1","timestamp":"2024-11-28 12:40:08"}
{"level":"info","message":"GET /examples - ::1","timestamp":"2024-11-28 12:40:09"}
{"level":"error","message":"Error: Cannot read properties of undefined (reading 'service')","timestamp":"2024-11-28 12:40:09"}
{"level":"error","message":"Request: GET /examples","timestamp":"2024-11-28 12:40:09"}
{"level":"error","message":"IP Address: ::1","timestamp":"2024-11-28 12:40:09"}
{"level":"info","message":"GET /examples - ::1","timestamp":"2024-11-28 12:40:32"}
{"level":"error","message":"Error: Cannot read properties of undefined (reading 'service')","timestamp":"2024-11-28 12:40:32"}
{"level":"error","message":"Request: GET /examples","timestamp":"2024-11-28 12:40:32"}
{"level":"error","message":"IP Address: ::1","timestamp":"2024-11-28 12:40:32"}
{"level":"info","message":"GET /examples - ::1","timestamp":"2024-11-28 12:40:58"}
{"level":"error","message":"Error: Cannot read properties of undefined (reading 'service')","timestamp":"2024-11-28 12:40:58"}
{"level":"error","message":"Request: GET /examples","timestamp":"2024-11-28 12:40:58"}
{"level":"error","message":"IP Address: ::1","timestamp":"2024-11-28 12:40:58"}
{"level":"info","message":"GET /examples - ::1","timestamp":"2024-11-28 12:41:10"}
{"level":"error","message":"Error: Cannot read properties of undefined (reading 'service')","timestamp":"2024-11-28 12:41:10"}
{"level":"error","message":"Request: GET /examples","timestamp":"2024-11-28 12:41:10"}
{"level":"error","message":"IP Address: ::1","timestamp":"2024-11-28 12:41:10"}
{"level":"info","message":"GET /examples - ::1","timestamp":"2024-11-28 12:41:25"}
{"level":"error","message":"Error: Cannot read properties of undefined (reading 'service')","timestamp":"2024-11-28 12:41:25"}
{"level":"error","message":"Request: GET /examples","timestamp":"2024-11-28 12:41:25"}
{"level":"error","message":"IP Address: ::1","timestamp":"2024-11-28 12:41:25"}
{"level":"info","message":"GET /examples - ::1","timestamp":"2024-11-28 12:42:33"}
{"level":"error","message":"Error: Cannot read properties of undefined (reading 'service')","timestamp":"2024-11-28 12:42:33"}
{"level":"error","message":"Request: GET /examples","timestamp":"2024-11-28 12:42:33"}
{"level":"error","message":"IP Address: ::1","timestamp":"2024-11-28 12:42:33"}
{"level":"info","message":"GET /examples - ::1","timestamp":"2024-11-28 12:43:45"}
{"level":"error","message":"Error: Cannot read properties of undefined (reading 'service')","timestamp":"2024-11-28 12:43:45"}
{"level":"error","message":"Request: GET /examples","timestamp":"2024-11-28 12:43:45"}
{"level":"error","message":"IP Address: ::1","timestamp":"2024-11-28 12:43:45"}
{"level":"info","message":"GET /examples - ::1","timestamp":"2024-11-28 12:44:48"}
{"level":"error","message":"Error: Cannot read properties of undefined (reading 'service')","timestamp":"2024-11-28 12:44:48"}
{"level":"error","message":"Request: GET /examples","timestamp":"2024-11-28 12:44:48"}
{"level":"error","message":"IP Address: ::1","timestamp":"2024-11-28 12:44:48"}
{"level":"info","message":"GET /example01 - ::1","timestamp":"2024-11-28 12:53:37"}
{"level":"error","message":"Error: Cannot read properties of undefined (reading 'service')","timestamp":"2024-11-28 12:53:37"}
{"level":"error","message":"Request: GET /example01","timestamp":"2024-11-28 12:53:37"}
{"level":"error","message":"IP Address: ::1","timestamp":"2024-11-28 12:53:37"}
{"level":"info","message":"GET /example01 - ::1","timestamp":"2024-11-28 12:56:15"}
{"level":"info","message":"GET /example01 - ::1","timestamp":"2024-11-28 13:03:08"}
{"level":"info","message":"GET /example02 - ::1","timestamp":"2024-11-28 13:03:12"}
{"level":"info","message":"GET /example02 - ::1","timestamp":"2024-11-28 13:03:57"}
{"level":"info","message":"GET /example02 - ::1","timestamp":"2024-11-28 13:05:16"}
{"level":"info","message":"GET /example01 - ::1","timestamp":"2024-11-28 13:08:05"}
{"level":"info","message":"GET /example01 - ::1","timestamp":"2024-11-28 13:08:25"}
{"level":"info","message":"GET /continents - ::1","timestamp":"2024-11-28 13:11:17"}
{"level":"info","message":"GET /continents - ::1","timestamp":"2024-11-28 13:11:32"}
{"level":"info","message":"GET /example01 - ::1","timestamp":"2024-11-28 13:12:13"}
{"level":"error","message":"Error: sdfgsdf is not defined","timestamp":"2024-11-28 13:12:13"}
{"level":"error","message":"Request: GET /example01","timestamp":"2024-11-28 13:12:13"}
{"level":"error","message":"IP Address: ::1","timestamp":"2024-11-28 13:12:13"}
{"level":"info","message":"GET /example01 - ::1","timestamp":"2024-11-28 13:13:08"}
{"level":"error","message":"Error: sdfgsdf is not defined","timestamp":"2024-11-28 13:13:08"}
{"level":"error","message":"Request: GET /example01","timestamp":"2024-11-28 13:13:08"}
{"level":"error","message":"IP Address: ::1","timestamp":"2024-11-28 13:13:08"}
{"level":"info","message":"GET /continents - ::1","timestamp":"2024-11-28 13:13:17"}
{"level":"info","message":"GET /continentssdfgsdfg - ::1","timestamp":"2024-11-28 13:13:23"}
{"level":"info","message":"GET /continentssdfgsdfg - ::1","timestamp":"2024-11-28 13:13:41"}
{"level":"info","message":"GET /continentssdfgsdfg - ::1","timestamp":"2024-11-28 13:13:50"}
{"level":"info","message":"GET /continents - ::1","timestamp":"2024-11-28 13:14:24"}
{"level":"info","message":"GET /continents - ::1","timestamp":"2024-11-28 13:14:24"}
{"level":"info","message":"GET /continents - ::1","timestamp":"2024-11-28 13:14:42"}
{"level":"info","message":"GET /continents - ::1","timestamp":"2024-11-28 13:14:50"}
{"level":"info","message":"GET /example01 - ::1","timestamp":"2024-11-28 13:15:10"}
{"level":"error","message":"Error: sdfgsdf is not defined","timestamp":"2024-11-28 13:15:10"}
{"level":"error","message":"Request: GET /example01","timestamp":"2024-11-28 13:15:10"}
{"level":"error","message":"IP Address: ::1","timestamp":"2024-11-28 13:15:10"}
{"level":"info","message":"GET /example01 - ::1","timestamp":"2024-11-28 13:15:10"}
{"level":"error","message":"Error: sdfgsdf is not defined","timestamp":"2024-11-28 13:15:10"}
{"level":"error","message":"Request: GET /example01","timestamp":"2024-11-28 13:15:10"}
{"level":"error","message":"IP Address: ::1","timestamp":"2024-11-28 13:15:10"}
{"level":"info","message":"GET /example01 - ::1","timestamp":"2024-11-28 13:15:19"}
{"level":"info","message":"GET /example01 - ::1","timestamp":"2024-11-28 13:15:40"}
{"level":"info","message":"GET /example02 - ::1","timestamp":"2024-11-28 13:16:39"}
{"level":"info","message":"GET /example02 - ::1","timestamp":"2024-11-28 13:16:59"}
{"level":"info","message":"GET /example02 - ::1","timestamp":"2024-11-28 13:21:50"}
{"level":"info","message":"GET /example03 - ::1","timestamp":"2024-11-28 13:21:53"}
{"level":"info","message":"GET /example01 - ::1","timestamp":"2024-11-28 13:27:17"}
{"level":"info","message":"GET /example02 - ::1","timestamp":"2024-11-28 13:27:21"}
{"level":"info","message":"GET /example03 - ::1","timestamp":"2024-11-28 13:27:25"}
{"level":"info","message":"GET /example04 - ::1","timestamp":"2024-11-28 13:27:28"}
{"level":"info","message":"GET /example02 - ::1","timestamp":"2024-11-28 13:30:21"}
{"level":"error","message":"Error: Test Error","timestamp":"2024-11-28 13:31:14"}
{"level":"error","message":"Request: undefined undefined","timestamp":"2024-11-28 13:31:14"}
{"level":"error","message":"IP Address: undefined","timestamp":"2024-11-28 13:31:14"}
{"level":"error","message":"Error: Test Error","timestamp":"2024-11-28 13:31:14"}
{"level":"error","message":"Request: undefined undefined","timestamp":"2024-11-28 13:31:14"}
{"level":"error","message":"IP Address: undefined","timestamp":"2024-11-28 13:31:14"}
{"level":"error","message":"Error: Unknown error","timestamp":"2024-11-28 13:31:14"}
{"level":"error","message":"Request: undefined undefined","timestamp":"2024-11-28 13:31:14"}
{"level":"error","message":"IP Address: undefined","timestamp":"2024-11-28 13:31:14"}
{"level":"info","message":"GET /random-url - ::ffff:127.0.0.1","timestamp":"2024-11-28 13:31:16"}
{"level":"info","message":"GET /example05 - ::1","timestamp":"2024-11-28 13:37:43"}
{"level":"info","message":"GET /example05 - ::1","timestamp":"2024-11-28 13:39:11"}
{"level":"info","message":"GET /example06 - ::1","timestamp":"2024-11-28 13:42:07"}
{"level":"info","message":"GET /example06 - ::1","timestamp":"2024-11-28 13:43:03"}
{"level":"info","message":"GET /example02 - ::1","timestamp":"2024-11-28 13:44:27"}
{"level":"info","message":"GET /example01 - ::1","timestamp":"2024-11-28 13:45:25"}
{"level":"info","message":"GET /example02 - ::1","timestamp":"2024-11-28 13:45:28"}
{"level":"info","message":"GET /example03 - ::1","timestamp":"2024-11-28 13:45:30"}
{"level":"info","message":"GET /example04 - ::1","timestamp":"2024-11-28 13:45:33"}
{"level":"info","message":"GET /example05 - ::1","timestamp":"2024-11-28 13:45:35"}
{"level":"info","message":"GET /example06 - ::1","timestamp":"2024-11-28 13:45:39"}
{"level":"error","message":"Error: Test Error","timestamp":"2024-11-28 13:46:27"}
{"level":"error","message":"Request: undefined undefined","timestamp":"2024-11-28 13:46:27"}
{"level":"error","message":"IP Address: undefined","timestamp":"2024-11-28 13:46:27"}
{"level":"error","message":"Error: Test Error","timestamp":"2024-11-28 13:46:27"}
{"level":"error","message":"Request: undefined undefined","timestamp":"2024-11-28 13:46:27"}
{"level":"error","message":"IP Address: undefined","timestamp":"2024-11-28 13:46:27"}
{"level":"error","message":"Error: Unknown error","timestamp":"2024-11-28 13:46:27"}
{"level":"error","message":"Request: undefined undefined","timestamp":"2024-11-28 13:46:27"}
{"level":"error","message":"IP Address: undefined","timestamp":"2024-11-28 13:46:27"}
{"level":"info","message":"GET /random-url - ::ffff:127.0.0.1","timestamp":"2024-11-28 13:46:28"}
{"level":"info","message":"GET /example06 - ::1","timestamp":"2024-11-28 13:49:23"}
{"level":"info","message":"GET /example05 - ::1","timestamp":"2024-11-28 13:49:25"}
{"level":"info","message":"GET /example06 - ::1","timestamp":"2024-11-28 13:49:27"}
{"level":"info","message":"GET /example06 - ::1","timestamp":"2024-11-28 13:50:14"}
{"level":"error","message":"Error: filters is not defined","timestamp":"2024-11-28 13:50:14"}
{"level":"error","message":"Request: GET /example06","timestamp":"2024-11-28 13:50:14"}
{"level":"error","message":"IP Address: ::1","timestamp":"2024-11-28 13:50:14"}
{"level":"info","message":"GET /example06 - ::1","timestamp":"2024-11-28 13:50:27"}
{"level":"info","message":"GET /example10 - ::1","timestamp":"2024-11-28 13:50:56"}
{"level":"error","message":"Error: Cannot read properties of undefined (reading 'service')","timestamp":"2024-11-28 13:50:56"}
{"level":"error","message":"Request: GET /example10","timestamp":"2024-11-28 13:50:56"}
{"level":"error","message":"IP Address: ::1","timestamp":"2024-11-28 13:50:56"}
{"level":"info","message":"GET /example10 - ::1","timestamp":"2024-11-28 13:51:10"}
{"level":"info","message":"GET /example06 - ::1","timestamp":"2024-11-28 13:51:31"}
{"level":"info","message":"GET /example06 - ::1","timestamp":"2024-11-28 13:52:05"}
{"level":"error","message":"Error: Test Error","timestamp":"2024-11-28 13:53:07"}
{"level":"error","message":"Request: undefined undefined","timestamp":"2024-11-28 13:53:07"}
{"level":"error","message":"IP Address: undefined","timestamp":"2024-11-28 13:53:07"}
{"level":"error","message":"Error: Test Error","timestamp":"2024-11-28 13:53:07"}
{"level":"error","message":"Request: undefined undefined","timestamp":"2024-11-28 13:53:07"}
{"level":"error","message":"IP Address: undefined","timestamp":"2024-11-28 13:53:07"}
{"level":"error","message":"Error: Unknown error","timestamp":"2024-11-28 13:53:07"}
{"level":"error","message":"Request: undefined undefined","timestamp":"2024-11-28 13:53:07"}
{"level":"error","message":"IP Address: undefined","timestamp":"2024-11-28 13:53:07"}
{"level":"error","message":"Error: Test Error","timestamp":"2024-11-28 13:53:28"}
{"level":"error","message":"Request: undefined undefined","timestamp":"2024-11-28 13:53:28"}
{"level":"error","message":"IP Address: undefined","timestamp":"2024-11-28 13:53:28"}
{"level":"error","message":"Error: Test Error","timestamp":"2024-11-28 13:53:28"}
{"level":"error","message":"Request: undefined undefined","timestamp":"2024-11-28 13:53:28"}
{"level":"error","message":"IP Address: undefined","timestamp":"2024-11-28 13:53:28"}
{"level":"error","message":"Error: Unknown error","timestamp":"2024-11-28 13:53:28"}
{"level":"error","message":"Request: undefined undefined","timestamp":"2024-11-28 13:53:28"}
{"level":"error","message":"IP Address: undefined","timestamp":"2024-11-28 13:53:28"}
{"level":"info","message":"GET /random-url - ::ffff:127.0.0.1","timestamp":"2024-11-28 13:53:29"}
{"level":"info","message":"GET /example06 - ::1","timestamp":"2024-11-28 13:57:13"}
{"level":"info","message":"GET /example05 - ::1","timestamp":"2024-11-28 13:57:15"}
{"level":"info","message":"GET /example04 - ::1","timestamp":"2024-11-28 13:57:17"}
{"level":"info","message":"GET /example03 - ::1","timestamp":"2024-11-28 13:57:19"}
{"level":"info","message":"GET /example02 - ::1","timestamp":"2024-11-28 13:57:22"}
{"level":"info","message":"GET /example01 - ::1","timestamp":"2024-11-28 13:57:24"}
{"level":"info","message":"GET /example07 - ::1","timestamp":"2024-11-28 13:57:27"}
{"level":"info","message":"GET /example07 - ::1","timestamp":"2024-11-28 14:03:36"}
{"level":"info","message":"GET /example07 - ::1","timestamp":"2024-11-28 14:04:54"}
{"level":"info","message":"GET /example07 - ::1","timestamp":"2024-11-28 14:05:22"}
{"level":"info","message":"GET /example07 - ::1","timestamp":"2024-11-28 14:05:29"}
{"level":"error","message":"Error: Test Error","timestamp":"2024-11-28 14:06:11"}
{"level":"error","message":"Request: undefined undefined","timestamp":"2024-11-28 14:06:11"}
{"level":"error","message":"IP Address: undefined","timestamp":"2024-11-28 14:06:11"}
{"level":"error","message":"Error: Test Error","timestamp":"2024-11-28 14:06:11"}
{"level":"error","message":"Request: undefined undefined","timestamp":"2024-11-28 14:06:11"}
{"level":"error","message":"IP Address: undefined","timestamp":"2024-11-28 14:06:11"}
{"level":"error","message":"Error: Unknown error","timestamp":"2024-11-28 14:06:11"}
{"level":"error","message":"Request: undefined undefined","timestamp":"2024-11-28 14:06:11"}
{"level":"error","message":"IP Address: undefined","timestamp":"2024-11-28 14:06:11"}
{"level":"info","message":"GET /random-url - ::ffff:127.0.0.1","timestamp":"2024-11-28 14:06:12"}
{"level":"info","message":"GET /example07 - ::1","timestamp":"2024-11-28 14:06:20"}
{"level":"info","message":"GET /example07 - ::1","timestamp":"2024-11-28 14:06:31"}
